<?xml version="1.0" encoding="UTF-8"?>
<!-- Generated by org.testng.reporters.JUnitReportReporter -->
<testsuite hostname="DESKTOP-R6QMA3N" name="testNG.addbook" tests="1" failures="0" timestamp="26 May 2020 11:08:33 GMT" time="13.990" errors="0">
  <testcase name="verifyTitle" time="13.990" classname="testNG.addbook"/>
</testsuite> <!-- testNG.addbook -->
